==60579== Memcheck, a memory error detector
==60579== Copyright (C) 2002-2022, and GNU GPL'd, by Julian Seward et al.
==60579== Using Valgrind-3.22.0 and LibVEX; rerun with -h for copyright info
==60579== Command: ./irc 6667 testpass
==60579== Parent PID: 382
==60579== 
==60579== 
==60579== FILE DESCRIPTORS: 4 open (3 std) at exit.
==60579== Open file descriptor 3: /home/linux/IRC/valgrind.log
==60579==    <inherited from parent>
==60579== 
==60579== 
==60579== HEAP SUMMARY:
==60579==     in use at exit: 0 bytes in 0 blocks
==60579==   total heap usage: 3,793 allocs, 3,793 frees, 430,057 bytes allocated
==60579== 
==60579== All heap blocks were freed -- no leaks are possible
==60579== 
==60579== For lists of detected and suppressed errors, rerun with: -s
==60579== ERROR SUMMARY: 0 errors from 0 contexts (suppressed: 0 from 0)
